<?xml version="1.0" encoding="UTF-8"?>
<!-- Generated by org.testng.reporters.JUnitXMLReporter -->
<testsuite ignored="0" hostname="dell-inspiron-5559" failures="2" tests="6" name="Surefire test" time="24.296" errors="0" timestamp="04 Oct 2020 17:36:44 GMT">
  <testcase classname="TestRunner" name="LogInToTheDCS" time="0.989"/>
  <testcase classname="TestRunner" name="GotoMainMenu" time="2.155"/>
  <testcase classname="TestRunner" name="goToFlights" time="2.271"/>
  <testcase classname="TestRunner" name="GotoDashBoard" time="4.275"/>
  <testcase classname="TestRunner" name="LoadFlightToCheckIn" time="12.36">
    <failure type="org.openqa.selenium.NoSuchElementException" message="no such element: Unable to locate element: {&amp;quot;method&amp;quot;:&amp;quot;xpath&amp;quot;,&amp;quot;selector&amp;quot;:&amp;quot;/html/body/app-root/div/div[1]/app-home/main/div/div/main/div/section[1]/div/div/div/ngx-slick/div/div/div[1]/h5/a
&amp;quot;}
  (Session info: chrome=83.0.4103.97)
For documentation on this error, please visit: https://www.seleniumhq.org/exceptions/no_such_element.html
Build info: version: &amp;apos;3.141.59&amp;apos;, revision: &amp;apos;e82be7d358&amp;apos;, time: &amp;apos;2018-11-14T08:17:03&amp;apos;
System info: host: &amp;apos;dell-inspiron-5559&amp;apos;, ip: &amp;apos;172.20.10.5&amp;apos;, os.name: &amp;apos;Linux&amp;apos;, os.arch: &amp;apos;amd64&amp;apos;, os.version: &amp;apos;5.3.0-59-generic&amp;apos;, java.version: &amp;apos;11.0.7&amp;apos;
Driver info: org.openqa.selenium.chrome.ChromeDriver
Capabilities {acceptInsecureCerts: false, browserName: chrome, browserVersion: 83.0.4103.97, chrome: {chromedriverVersion: 83.0.4103.61 (94f915a8d7c40..., userDataDir: /tmp/.org.chromium.Chromium...}, goog:chromeOptions: {debuggerAddress: localhost:40601}, javascriptEnabled: true, networkConnectionEnabled: false, pageLoadStrategy: normal, platform: LINUX, platformName: LINUX, proxy: Proxy(), setWindowRect: true, strictFileInteractability: false, timeouts: {implicit: 0, pageLoad: 300000, script: 30000}, unhandledPromptBehavior: dismiss and notify, webauthn:virtualAuthenticators: true}
Session ID: 65bbeb0476961e76283f5bc196bee936
*** Element info: {Using=xpath, value=/html/body/app-root/div/div[1]/app-home/main/div/div/main/div/section[1]/div/div/div/ngx-slick/div/div/div[1]/h5/a
}">
      <![CDATA[org.openqa.selenium.NoSuchElementException: no such element: Unable to locate element: {"method":"xpath","selector":"/html/body/app-root/div/div[1]/app-home/main/div/div/main/div/section[1]/div/div/div/ngx-slick/div/div/div[1]/h5/a
"}
  (Session info: chrome=83.0.4103.97)
For documentation on this error, please visit: https://www.seleniumhq.org/exceptions/no_such_element.html
Build info: version: '3.141.59', revision: 'e82be7d358', time: '2018-11-14T08:17:03'
System info: host: 'dell-inspiron-5559', ip: '172.20.10.5', os.name: 'Linux', os.arch: 'amd64', os.version: '5.3.0-59-generic', java.version: '11.0.7'
Driver info: org.openqa.selenium.chrome.ChromeDriver
Capabilities {acceptInsecureCerts: false, browserName: chrome, browserVersion: 83.0.4103.97, chrome: {chromedriverVersion: 83.0.4103.61 (94f915a8d7c40..., userDataDir: /tmp/.org.chromium.Chromium...}, goog:chromeOptions: {debuggerAddress: localhost:40601}, javascriptEnabled: true, networkConnectionEnabled: false, pageLoadStrategy: normal, platform: LINUX, platformName: LINUX, proxy: Proxy(), setWindowRect: true, strictFileInteractability: false, timeouts: {implicit: 0, pageLoad: 300000, script: 30000}, unhandledPromptBehavior: dismiss and notify, webauthn:virtualAuthenticators: true}
Session ID: 65bbeb0476961e76283f5bc196bee936
*** Element info: {Using=xpath, value=/html/body/app-root/div/div[1]/app-home/main/div/div/main/div/section[1]/div/div/div/ngx-slick/div/div/div[1]/h5/a
}
at org.openqa.selenium.remote.http.W3CHttpResponseCodec.createException(W3CHttpResponseCodec.java:187)
at org.openqa.selenium.remote.http.W3CHttpResponseCodec.decode(W3CHttpResponseCodec.java:122)
at org.openqa.selenium.remote.http.W3CHttpResponseCodec.decode(W3CHttpResponseCodec.java:49)
at org.openqa.selenium.remote.HttpCommandExecutor.execute(HttpCommandExecutor.java:158)
at org.openqa.selenium.remote.service.DriverCommandExecutor.execute(DriverCommandExecutor.java:83)
at org.openqa.selenium.remote.RemoteWebDriver.execute(RemoteWebDriver.java:552)
at org.openqa.selenium.remote.RemoteWebDriver.findElement(RemoteWebDriver.java:323)
at org.openqa.selenium.remote.RemoteWebDriver.findElementByXPath(RemoteWebDriver.java:428)
at org.openqa.selenium.By$ByXPath.findElement(By.java:353)
at org.openqa.selenium.remote.RemoteWebDriver.findElement(RemoteWebDriver.java:315)
at org.openqa.selenium.support.pagefactory.DefaultElementLocator.findElement(DefaultElementLocator.java:69)
at org.openqa.selenium.support.pagefactory.internal.LocatingElementHandler.invoke(LocatingElementHandler.java:38)
at com.sun.proxy.$Proxy13.click(Unknown Source)
at Pages.DcsHome.DcsDashBoard.loadCheckInFlight(DcsDashBoard.java:26)
at TestRunner.LoadFlightToCheckIn(TestRunner.java:165)
... Removed 34 stack frames]]>
    </failure>
  </testcase> <!-- LoadFlightToCheckIn -->
  <testcase classname="TestRunner" name="LoadFlightToCheckIn" time="12.368">
    <failure type="java.lang.AbstractMethodError" message="Receiver class org.apache.maven.surefire.report.PojoStackTraceWriter does not define or inherit an implementation of the resolved method &amp;apos;abstract java.lang.String smartTrimmedStackTrace()&amp;apos; of interface org.apache.maven.surefire.report.StackTraceWriter.">
      <![CDATA[java.lang.AbstractMethodError: Receiver class org.apache.maven.surefire.report.PojoStackTraceWriter does not define or inherit an implementation of the resolved method 'abstract java.lang.String smartTrimmedStackTrace()' of interface org.apache.maven.surefire.report.StackTraceWriter.
... Removed 32 stack frames]]>
    </failure>
  </testcase> <!-- LoadFlightToCheckIn -->
</testsuite> <!-- Surefire test -->
